pre main
in main
Namespace(fchk=None, ff_in='theo-tsnadhm06.frcmod', ff_out='out.frcmod', log='theo-tsnadhm06.log', mol='theo-tsnadhm06.mol2', params=None, pdb=None)
ff params [ParamMM3[bf][25,1](232.5), ParamMM3[be][25,2](1.538), ParamMM3[bf][26,1](375.9), ParamMM3[be][26,2](1.097), ParamMM3[bf][27,1](255.6), ParamMM3[be][27,2](1.51), ParamMM3[bf][28,1](350.2), ParamMM3[be][28,2](1.112), ParamMM3[bf][29,1](402.3), ParamMM3[be][29,2](1.339), ParamMM3[bf][30,1](600.0), ParamMM3[be][30,2](1.35), ParamMM3[bf][31,1](880.0), ParamMM3[be][31,2](2.072), ParamMM3[bf][32,1](180.0), ParamMM3[be][32,2](1.845), ParamMM3[bf][33,1](232.5), ParamMM3[be][33,2](1.538), ParamMM3[bf][34,1](375.9), ParamMM3[be][34,2](1.097), ParamMM3[bf][35,1](580.0), ParamMM3[be][35,2](1.1), ParamMM3[bf][36,1](375.9), ParamMM3[be][36,2](1.097), ParamMM3[bf][37,1](360.0), ParamMM3[be][37,2](1.32), ParamMM3[bf][38,1](302.0), ParamMM3[be][38,2](1.48), ParamMM3[bf][39,1](434.0), ParamMM3[be][39,2](1.01), ParamMM3[bf][40,1](420.0), ParamMM3[be][40,2](1.32), ParamMM3[bf][41,1](860.0), ParamMM3[be][41,2](1.23), ParamMM3[bf][42,1](302.0), ParamMM3[be][42,2](1.48), ParamMM3[bf][43,1](225.0), ParamMM3[be][43,2](1.49), ParamMM3[bf][44,1](420.0), ParamMM3[be][44,2](1.32), ParamMM3[bf][45,1](374.0), ParamMM3[be][45,2](1.09), ParamMM3[bf][46,1](374.0), ParamMM3[be][46,2](1.09), ParamMM3[bf][47,1](340.0), ParamMM3[be][47,2](1.09), ParamMM3[bf][48,1](337.0), ParamMM3[be][48,2](1.475), ParamMM3[af][51,1](120.0), ParamMM3[ae][51,2](123.0), ParamMM3[af][52,1](85.0), ParamMM3[ae][52,2](115.0), ParamMM3[af][53,1](85.0), ParamMM3[ae][53,2](175.0), ParamMM3[af][54,1](85.0), ParamMM3[ae][54,2](125.0), ParamMM3[af][55,1](50.0), ParamMM3[ae][55,2](115.0), ParamMM3[af][56,1](39.0), ParamMM3[ae][56,2](107.58), ParamMM3[af][57,1](46.8), ParamMM3[ae][57,2](109.8), ParamMM3[af][58,1](46.7), ParamMM3[ae][58,2](110.22), ParamMM3[af][59,1](83.3), ParamMM3[ae][59,2](111.04), ParamMM3[af][60,1](38.8), ParamMM3[ae][60,2](108.46), ParamMM3[af][61,1](46.7), ParamMM3[ae][61,2](110.22), ParamMM3[af][62,1](64.9), ParamMM3[ae][62,2](111.51), ParamMM3[af][63,1](50.0), ParamMM3[ae][63,2](109.5), ParamMM3[af][64,1](47.4), ParamMM3[ae][64,2](108.77), ParamMM3[af][65,1](65.5), ParamMM3[ae][65,2](111.56), ParamMM3[af][66,1](46.1), ParamMM3[ae][66,2](114.64), ParamMM3[af][67,1](63.2), ParamMM3[ae][67,2](110.27), ParamMM3[af][68,1](85.9), ParamMM3[ae][68,2](113.01), ParamMM3[af][69,1](64.6), ParamMM3[ae][69,2](116.45), ParamMM3[af][70,1](42.7), ParamMM3[ae][70,2](106.75), ParamMM3[af][71,1](81.1), ParamMM3[ae][71,2](108.59), ParamMM3[af][72,1](71.1), ParamMM3[ae][72,2](97.5), ParamMM3[af][73,1](64.7), ParamMM3[ae][73,2](115.44), ParamMM3[af][74,1](42.5), ParamMM3[ae][74,2](108.76), ParamMM3[af][75,1](35.0), ParamMM3[ae][75,2](120.0), ParamMM3[af][76,1](35.0), ParamMM3[ae][76,2](120.0), ParamMM3[af][77,1](85.0), ParamMM3[ae][77,2](128.5), ParamMM3[af][78,1](85.0), ParamMM3[ae][78,2](113.0), ParamMM3[af][79,1](5.0), ParamMM3[ae][79,2](107.8), ParamMM3[af][80,1](125.0), ParamMM3[ae][80,2](124.2), ParamMM3[af][81,1](85.0), ParamMM3[ae][81,2](118.5), ParamMM3[af][82,1](125.0), ParamMM3[ae][82,2](108.0), ParamMM3[af][83,1](55.0), ParamMM3[ae][83,2](110.1), ParamMM3[af][84,1](42.0), ParamMM3[ae][84,2](119.0), ParamMM3[af][85,1](60.0), ParamMM3[ae][85,2](122.0), ParamMM3[af][86,1](43.5), ParamMM3[ae][86,2](128.0), ParamMM3[af][87,1](30.0), ParamMM3[ae][87,2](116.0), ParamMM3[af][88,1](20.0), ParamMM3[ae][88,2](114.0), ParamMM3[af][89,1](42.0), ParamMM3[ae][89,2](119.0), ParamMM3[af][90,1](42.0), ParamMM3[ae][90,2](116.0), ParamMM3[af][91,1](35.0), ParamMM3[ae][91,2](109.5), ParamMM3[af][92,1](70.0), ParamMM3[ae][92,2](121.2), ParamMM3[af][93,1](50.0), ParamMM3[ae][93,2](109.5), ParamMM3[df][96,1](0.25), ParamMM3[df][97,1](2.0), ParamMM3[df][98,1](2.5), ParamMM3[df][99,1](2.5), ParamMM3[df][100,1](2.3), ParamMM3[df][101,1](0.08), ParamMM3[df][102,1](0.1), ParamMM3[df][103,1](0.51), ParamMM3[df][104,1](0.21), ParamMM3[df][105,1](1.4), ParamMM3[df][106,1](2.3), ParamMM3[df][107,1](2.3), ParamMM3[df][108,1](0.12), ParamMM3[df][109,1](0.08), ParamMM3[df][110,1](0.0), ParamMM3[df][111,1](0.0), ParamMM3[df][112,1](0.08), ParamMM3[df][113,1](0.0), ParamMM3[df][114,1](1.0), ParamMM3[df][115,1](1.0), ParamMM3[df][116,1](1.0), ParamMM3[df][117,1](1.2), ParamMM3[df][118,1](1.2), ParamMM3[df][119,1](2.5), ParamMM3[df][120,1](1.1), ParamMM3[df][121,1](1.95), ParamMM3[df][122,1](0.5), ParamMM3[df][123,1](0.35), ParamMM3[df][124,1](0.4), ParamMM3[df][125,1](0.3), ParamMM3[df][126,1](1.95), ParamMM3[df][127,1](1.0), ParamMM3[df][128,1](1.0), ParamMM3[df][129,1](0.4), ParamMM3[df][130,1](0.1), ParamMM3[df][131,1](2.5), ParamMM3[df][132,1](1.0), ParamMM3[df][133,1](1.0), ParamMM3[df][134,1](0.1), ParamMM3[df][135,1](1.0), ParamMM3[df][136,1](4.0), ParamMM3[df][137,1](0.1), ParamMM3[df][138,1](0.1), ParamMM3[df][139,1](1.0), ParamMM3[df][140,1](1.0), ParamMM3[df][141,1](0.4), ParamMM3[df][142,1](7.0), ParamMM3[df][143,1](7.0), ParamMM3[df][144,1](2.5), ParamMM3[df][145,1](0.0), ParamMM3[df][146,1](7.4)]
params: [ParamMM3[bf][25,1](232.5), ParamMM3[be][25,2](1.538), ParamMM3[bf][26,1](375.9), ParamMM3[be][26,2](1.097), ParamMM3[bf][27,1](255.6), ParamMM3[be][27,2](1.51), ParamMM3[bf][28,1](350.2), ParamMM3[be][28,2](1.112), ParamMM3[bf][29,1](402.3), ParamMM3[be][29,2](1.339), ParamMM3[bf][30,1](600.0), ParamMM3[be][30,2](1.35), ParamMM3[bf][31,1](880.0), ParamMM3[be][31,2](2.072), ParamMM3[bf][32,1](180.0), ParamMM3[be][32,2](1.845), ParamMM3[bf][33,1](232.5), ParamMM3[be][33,2](1.538), ParamMM3[bf][34,1](375.9), ParamMM3[be][34,2](1.097), ParamMM3[bf][35,1](580.0), ParamMM3[be][35,2](1.1), ParamMM3[bf][36,1](375.9), ParamMM3[be][36,2](1.097), ParamMM3[bf][37,1](360.0), ParamMM3[be][37,2](1.32), ParamMM3[bf][38,1](302.0), ParamMM3[be][38,2](1.48), ParamMM3[bf][39,1](434.0), ParamMM3[be][39,2](1.01), ParamMM3[bf][40,1](420.0), ParamMM3[be][40,2](1.32), ParamMM3[bf][41,1](860.0), ParamMM3[be][41,2](1.23), ParamMM3[bf][42,1](302.0), ParamMM3[be][42,2](1.48), ParamMM3[bf][43,1](225.0), ParamMM3[be][43,2](1.49), ParamMM3[bf][44,1](420.0), ParamMM3[be][44,2](1.32), ParamMM3[bf][45,1](374.0), ParamMM3[be][45,2](1.09), ParamMM3[bf][46,1](374.0), ParamMM3[be][46,2](1.09), ParamMM3[bf][47,1](340.0), ParamMM3[be][47,2](1.09), ParamMM3[bf][48,1](337.0), ParamMM3[be][48,2](1.475), ParamMM3[af][51,1](120.0), ParamMM3[ae][51,2](123.0), ParamMM3[af][52,1](85.0), ParamMM3[ae][52,2](115.0), ParamMM3[af][53,1](85.0), ParamMM3[ae][53,2](175.0), ParamMM3[af][54,1](85.0), ParamMM3[ae][54,2](125.0), ParamMM3[af][55,1](50.0), ParamMM3[ae][55,2](115.0), ParamMM3[af][56,1](39.0), ParamMM3[ae][56,2](107.58), ParamMM3[af][57,1](46.8), ParamMM3[ae][57,2](109.8), ParamMM3[af][58,1](46.7), ParamMM3[ae][58,2](110.22), ParamMM3[af][59,1](83.3), ParamMM3[ae][59,2](111.04), ParamMM3[af][60,1](38.8), ParamMM3[ae][60,2](108.46), ParamMM3[af][61,1](46.7), ParamMM3[ae][61,2](110.22), ParamMM3[af][62,1](64.9), ParamMM3[ae][62,2](111.51), ParamMM3[af][63,1](50.0), ParamMM3[ae][63,2](109.5), ParamMM3[af][64,1](47.4), ParamMM3[ae][64,2](108.77), ParamMM3[af][65,1](65.5), ParamMM3[ae][65,2](111.56), ParamMM3[af][66,1](46.1), ParamMM3[ae][66,2](114.64), ParamMM3[af][67,1](63.2), ParamMM3[ae][67,2](110.27), ParamMM3[af][68,1](85.9), ParamMM3[ae][68,2](113.01), ParamMM3[af][69,1](64.6), ParamMM3[ae][69,2](116.45), ParamMM3[af][70,1](42.7), ParamMM3[ae][70,2](106.75), ParamMM3[af][71,1](81.1), ParamMM3[ae][71,2](108.59), ParamMM3[af][72,1](71.1), ParamMM3[ae][72,2](97.5), ParamMM3[af][73,1](64.7), ParamMM3[ae][73,2](115.44), ParamMM3[af][74,1](42.5), ParamMM3[ae][74,2](108.76), ParamMM3[af][75,1](35.0), ParamMM3[ae][75,2](120.0), ParamMM3[af][76,1](35.0), ParamMM3[ae][76,2](120.0), ParamMM3[af][77,1](85.0), ParamMM3[ae][77,2](128.5), ParamMM3[af][78,1](85.0), ParamMM3[ae][78,2](113.0), ParamMM3[af][79,1](5.0), ParamMM3[ae][79,2](107.8), ParamMM3[af][80,1](125.0), ParamMM3[ae][80,2](124.2), ParamMM3[af][81,1](85.0), ParamMM3[ae][81,2](118.5), ParamMM3[af][82,1](125.0), ParamMM3[ae][82,2](108.0), ParamMM3[af][83,1](55.0), ParamMM3[ae][83,2](110.1), ParamMM3[af][84,1](42.0), ParamMM3[ae][84,2](119.0), ParamMM3[af][85,1](60.0), ParamMM3[ae][85,2](122.0), ParamMM3[af][86,1](43.5), ParamMM3[ae][86,2](128.0), ParamMM3[af][87,1](30.0), ParamMM3[ae][87,2](116.0), ParamMM3[af][88,1](20.0), ParamMM3[ae][88,2](114.0), ParamMM3[af][89,1](42.0), ParamMM3[ae][89,2](119.0), ParamMM3[af][90,1](42.0), ParamMM3[ae][90,2](116.0), ParamMM3[af][91,1](35.0), ParamMM3[ae][91,2](109.5), ParamMM3[af][92,1](70.0), ParamMM3[ae][92,2](121.2), ParamMM3[af][93,1](50.0), ParamMM3[ae][93,2](109.5), ParamMM3[df][96,1](0.25), ParamMM3[df][97,1](2.0), ParamMM3[df][98,1](2.5), ParamMM3[df][99,1](2.5), ParamMM3[df][100,1](2.3), ParamMM3[df][101,1](0.08), ParamMM3[df][102,1](0.1), ParamMM3[df][103,1](0.51), ParamMM3[df][104,1](0.21), ParamMM3[df][105,1](1.4), ParamMM3[df][106,1](2.3), ParamMM3[df][107,1](2.3), ParamMM3[df][108,1](0.12), ParamMM3[df][109,1](0.08), ParamMM3[df][110,1](0.0), ParamMM3[df][111,1](0.0), ParamMM3[df][112,1](0.08), ParamMM3[df][113,1](0.0), ParamMM3[df][114,1](1.0), ParamMM3[df][115,1](1.0), ParamMM3[df][116,1](1.0), ParamMM3[df][117,1](1.2), ParamMM3[df][118,1](1.2), ParamMM3[df][119,1](2.5), ParamMM3[df][120,1](1.1), ParamMM3[df][121,1](1.95), ParamMM3[df][122,1](0.5), ParamMM3[df][123,1](0.35), ParamMM3[df][124,1](0.4), ParamMM3[df][125,1](0.3), ParamMM3[df][126,1](1.95), ParamMM3[df][127,1](1.0), ParamMM3[df][128,1](1.0), ParamMM3[df][129,1](0.4), ParamMM3[df][130,1](0.1), ParamMM3[df][131,1](2.5), ParamMM3[df][132,1](1.0), ParamMM3[df][133,1](1.0), ParamMM3[df][134,1](0.1), ParamMM3[df][135,1](1.0), ParamMM3[df][136,1](4.0), ParamMM3[df][137,1](0.1), ParamMM3[df][138,1](0.1), ParamMM3[df][139,1](1.0), ParamMM3[df][140,1](1.0), ParamMM3[df][141,1](0.4), ParamMM3[df][142,1](7.0), ParamMM3[df][143,1](7.0), ParamMM3[df][144,1](2.5), ParamMM3[df][145,1](0.0), ParamMM3[df][146,1](7.4)]
structure: <Structure 86 atoms; 1 residues; 83 bonds; NOT parameterized>
params
ParamMM3[bf][25,1](232.5)
bf
bf
vec12: [-0.18180008  0.86565304  0.46646924]
eigval12: [-10.02898457   3.29851506  28.13596413]
eigvec12: [[ 0.14173121 -0.08562139  0.14674782]
 [-0.91316455 -0.85891852  0.55198135]
 [ 0.38215542  0.50490391  0.82084205]]
f12: 18.692561087710693
vec21: [ 0.18180008 -0.86565304 -0.46646924]
eigval21: [22.45640827  0.62632181  1.70900391]
eigvec21: [[-0.03334422  0.56389455 -0.11847672]
 [ 0.99557742 -0.47054014  0.33611405]
 [ 0.08782807  0.67868617  0.93433967]]
f21: 21.80958636555576
ParamMM3[be][25,2](1.538)
be
be
ParamMM3[bf][26,1](375.9)
bf
bf
vec12: [ 0.3592171  -0.04547052  0.93214565]
eigval12: [  -3.47329578   11.93953432 -125.51297117]
eigvec12: [[-0.30551007 -0.07246515 -0.00590039]
 [-0.25600091  0.27425782 -0.95149899]
 [-0.91712983  0.95892202 -0.30759527]]
f12: -23.92075532698326
vec21: [-0.3592171   0.04547052 -0.93214565]
eigval21: [35.69769181 -3.98257938  2.48476526]
eigvec21: [[ 0.92562433 -0.50172491 -0.08848432]
 [-0.33080388 -0.77742495  0.65315598]
 [ 0.18381619  0.37931855  0.75203577]]
f21: 19.280901561376837
